<?xml version="1.0" encoding="UTF-8"?>
<testng-results ignored="0" total="1" passed="1" failed="0" skipped="0">
  <reporter-output>
  </reporter-output>
  <suite started-at="2021-07-19T14:38:25 IST" name="Default suite" finished-at="2021-07-19T14:38:49 IST" duration-ms="24294">
    <groups>
    </groups>
    <test started-at="2021-07-19T14:38:25 IST" name="Default test" finished-at="2021-07-19T14:38:49 IST" duration-ms="24294">
      <class name="com.TestLeaf.FluentWaitClass">
        <test-method signature="FluentWait()[pri:0, instance:com.TestLeaf.FluentWaitClass@769e7ee8]" started-at="2021-07-19T14:38:25 IST" name="FluentWait" finished-at="2021-07-19T14:38:49 IST" duration-ms="24199" status="PASS">
          <reporter-output>
          </reporter-output>
        </test-method> <!-- FluentWait -->
      </class> <!-- com.TestLeaf.FluentWaitClass -->
    </test> <!-- Default test -->
  </suite> <!-- Default suite -->
</testng-results>
